<?xml version="1.0" encoding="UTF-8"?>
<testsuite name="kr.co.uxn.controller.blog.BlogApiControllerTest" tests="5" skipped="0" failures="0" errors="0" timestamp="2023-11-14T05:22:41" hostname="NOTEBOOK-KWYEOM" time="1.531">
  <properties/>
  <testcase name="deleteArticle: 블로그 글 삭제에 성공한다." classname="kr.co.uxn.controller.blog.BlogApiControllerTest" time="1.164"/>
  <testcase name="findArticle: 블로그 글 조회에 성공한다." classname="kr.co.uxn.controller.blog.BlogApiControllerTest" time="0.132"/>
  <testcase name="findAllArticles: 블로그 글 목록 조회에 성공한다." classname="kr.co.uxn.controller.blog.BlogApiControllerTest" time="0.048"/>
  <testcase name="addArticle: 블로그 글 추가에 성공한다." classname="kr.co.uxn.controller.blog.BlogApiControllerTest" time="0.108"/>
  <testcase name="updateArticle: 블로그 글 수정에 성공한다." classname="kr.co.uxn.controller.blog.BlogApiControllerTest" time="0.07"/>
  <system-out><![CDATA[Standard Commons Logging discovery in action with spring-jcl: please remove commons-logging.jar from classpath in order to avoid potential conflicts

  .   ____          _            __ _ _
 /\\ / ___'_ __ _ _(_)_ __  __ _ \ \ \ \
( ( )\___ | '_ | '_| | '_ \/ _` | \ \ \ \
 \\/  ___)| |_)| | | | | || (_| |  ) ) ) )
  '  |____| .__|_| |_|_| |_\__, | / / / /
 =========|_|==============|___/=/_/_/_/
 :: Spring Boot ::                (v3.1.5)

2023-11-14T14:22:37.285+09:00  INFO 37676 --- [    Test worker] k.c.u.c.blog.BlogApiControllerTest       : Starting BlogApiControllerTest using Java 17.0.7 with PID 37676 (started by tochi in D:\GIT_Source\2024\agmsServer\agmsService)
2023-11-14T14:22:37.288+09:00  INFO 37676 --- [    Test worker] k.c.u.c.blog.BlogApiControllerTest       : No active profile set, falling back to 1 default profile: "default"
2023-11-14T14:22:38.231+09:00  INFO 37676 --- [    Test worker] .s.d.r.c.RepositoryConfigurationDelegate : Bootstrapping Spring Data JPA repositories in DEFAULT mode.
2023-11-14T14:22:38.304+09:00  INFO 37676 --- [    Test worker] .s.d.r.c.RepositoryConfigurationDelegate : Finished Spring Data repository scanning in 62 ms. Found 1 JPA repository interfaces.
2023-11-14T14:22:38.851+09:00  INFO 37676 --- [    Test worker] o.hibernate.jpa.internal.util.LogHelper  : HHH000204: Processing PersistenceUnitInfo [name: default]
2023-11-14T14:22:38.919+09:00  INFO 37676 --- [    Test worker] org.hibernate.Version                    : HHH000412: Hibernate ORM core version 6.2.13.Final
2023-11-14T14:22:38.923+09:00  INFO 37676 --- [    Test worker] org.hibernate.cfg.Environment            : HHH000406: Using bytecode reflection optimizer
2023-11-14T14:22:39.272+09:00  INFO 37676 --- [    Test worker] o.s.o.j.p.SpringPersistenceUnitInfo      : No LoadTimeWeaver setup: ignoring JPA class transformer
2023-11-14T14:22:39.305+09:00  INFO 37676 --- [    Test worker] com.zaxxer.hikari.HikariDataSource       : HikariPool-1 - Starting...
2023-11-14T14:22:39.539+09:00  INFO 37676 --- [    Test worker] com.zaxxer.hikari.pool.HikariPool        : HikariPool-1 - Added connection org.postgresql.jdbc.PgConnection@6e794f53
2023-11-14T14:22:39.541+09:00  INFO 37676 --- [    Test worker] com.zaxxer.hikari.HikariDataSource       : HikariPool-1 - Start completed.
2023-11-14T14:22:39.575+09:00  WARN 37676 --- [    Test worker] org.hibernate.orm.deprecation            : HHH90000025: PostgreSQLDialect does not need to be specified explicitly using 'hibernate.dialect' (remove the property setting and it will be selected by default)
2023-11-14T14:22:40.584+09:00  INFO 37676 --- [    Test worker] o.h.e.t.j.p.i.JtaPlatformInitiator       : HHH000489: No JTA platform available (set 'hibernate.transaction.jta.platform' to enable JTA platform integration)
2023-11-14T14:22:40.603+09:00  INFO 37676 --- [    Test worker] org.hibernate.orm.connections.access     : HHH10001501: Connection obtained from JdbcConnectionAccess [org.hibernate.engine.jdbc.env.internal.JdbcEnvironmentInitiator$ConnectionProviderJdbcConnectionAccess@28d7bd6b] for (non-JTA) DDL execution was not in auto-commit mode; the Connection 'local transaction' will be committed and the Connection will be set into auto-commit mode.
2023-11-14T14:22:40.631+09:00  INFO 37676 --- [    Test worker] j.LocalContainerEntityManagerFactoryBean : Initialized JPA EntityManagerFactory for persistence unit 'default'
2023-11-14T14:22:41.224+09:00  WARN 37676 --- [    Test worker] JpaBaseConfiguration$JpaWebConfiguration : spring.jpa.open-in-view is enabled by default. Therefore, database queries may be performed during view rendering. Explicitly configure spring.jpa.open-in-view to disable this warning
2023-11-14T14:22:41.724+09:00  WARN 37676 --- [    Test worker] ion$DefaultTemplateResolverConfiguration : Cannot find template location: classpath:/templates/ (please add some templates, check your Thymeleaf configuration, or set spring.thymeleaf.check-template-location=false)
2023-11-14T14:22:41.917+09:00  INFO 37676 --- [    Test worker] o.s.b.t.m.w.SpringBootMockServletContext : Initializing Spring TestDispatcherServlet ''
2023-11-14T14:22:41.917+09:00  INFO 37676 --- [    Test worker] o.s.t.web.servlet.TestDispatcherServlet  : Initializing Servlet ''
2023-11-14T14:22:41.919+09:00  INFO 37676 --- [    Test worker] o.s.t.web.servlet.TestDispatcherServlet  : Completed initialization in 2 ms
2023-11-14T14:22:41.956+09:00  INFO 37676 --- [    Test worker] k.c.u.c.blog.BlogApiControllerTest       : Started BlogApiControllerTest in 5.098 seconds (process running for 6.866)
2023-11-14T14:22:42.668+09:00  INFO 37676 --- [    Test worker] o.s.b.t.m.w.SpringBootMockServletContext : Initializing Spring TestDispatcherServlet ''
2023-11-14T14:22:42.669+09:00  INFO 37676 --- [    Test worker] o.s.t.web.servlet.TestDispatcherServlet  : Initializing Servlet ''
2023-11-14T14:22:42.670+09:00  INFO 37676 --- [    Test worker] o.s.t.web.servlet.TestDispatcherServlet  : Completed initialization in 1 ms
Hibernate: 
    select
        a1_0.id,
        a1_0.content,
        a1_0.title 
    from
        article a1_0
Hibernate: 
    delete 
    from
        article 
    where
        id=?
Hibernate: 
    insert 
    into
        article
        (content,title) 
    values
        (?,?)
Hibernate: 
    select
        a1_0.id,
        a1_0.content,
        a1_0.title 
    from
        article a1_0 
    where
        a1_0.id=?
Hibernate: 
    delete 
    from
        article 
    where
        id=?
Hibernate: 
    select
        a1_0.id,
        a1_0.content,
        a1_0.title 
    from
        article a1_0
2023-11-14T14:22:43.154+09:00  INFO 37676 --- [    Test worker] o.s.b.t.m.w.SpringBootMockServletContext : Initializing Spring TestDispatcherServlet ''
2023-11-14T14:22:43.155+09:00  INFO 37676 --- [    Test worker] o.s.t.web.servlet.TestDispatcherServlet  : Initializing Servlet ''
2023-11-14T14:22:43.156+09:00  INFO 37676 --- [    Test worker] o.s.t.web.servlet.TestDispatcherServlet  : Completed initialization in 1 ms
Hibernate: 
    select
        a1_0.id,
        a1_0.content,
        a1_0.title 
    from
        article a1_0
Hibernate: 
    insert 
    into
        article
        (content,title) 
    values
        (?,?)
Hibernate: 
    select
        a1_0.id,
        a1_0.content,
        a1_0.title 
    from
        article a1_0 
    where
        a1_0.id=?
2023-11-14T14:22:43.287+09:00  INFO 37676 --- [    Test worker] o.s.b.t.m.w.SpringBootMockServletContext : Initializing Spring TestDispatcherServlet ''
2023-11-14T14:22:43.287+09:00  INFO 37676 --- [    Test worker] o.s.t.web.servlet.TestDispatcherServlet  : Initializing Servlet ''
2023-11-14T14:22:43.288+09:00  INFO 37676 --- [    Test worker] o.s.t.web.servlet.TestDispatcherServlet  : Completed initialization in 1 ms
Hibernate: 
    select
        a1_0.id,
        a1_0.content,
        a1_0.title 
    from
        article a1_0
Hibernate: 
    delete 
    from
        article 
    where
        id=?
Hibernate: 
    insert 
    into
        article
        (content,title) 
    values
        (?,?)
Hibernate: 
    select
        a1_0.id,
        a1_0.content,
        a1_0.title 
    from
        article a1_0
2023-11-14T14:22:43.337+09:00  INFO 37676 --- [    Test worker] o.s.b.t.m.w.SpringBootMockServletContext : Initializing Spring TestDispatcherServlet ''
2023-11-14T14:22:43.337+09:00  INFO 37676 --- [    Test worker] o.s.t.web.servlet.TestDispatcherServlet  : Initializing Servlet ''
2023-11-14T14:22:43.338+09:00  INFO 37676 --- [    Test worker] o.s.t.web.servlet.TestDispatcherServlet  : Completed initialization in 1 ms
Hibernate: 
    select
        a1_0.id,
        a1_0.content,
        a1_0.title 
    from
        article a1_0
Hibernate: 
    delete 
    from
        article 
    where
        id=?
Hibernate: 
    insert 
    into
        article
        (content,title) 
    values
        (?,?)
Hibernate: 
    select
        a1_0.id,
        a1_0.content,
        a1_0.title 
    from
        article a1_0
2023-11-14T14:22:43.446+09:00  INFO 37676 --- [    Test worker] o.s.b.t.m.w.SpringBootMockServletContext : Initializing Spring TestDispatcherServlet ''
2023-11-14T14:22:43.447+09:00  INFO 37676 --- [    Test worker] o.s.t.web.servlet.TestDispatcherServlet  : Initializing Servlet ''
2023-11-14T14:22:43.448+09:00  INFO 37676 --- [    Test worker] o.s.t.web.servlet.TestDispatcherServlet  : Completed initialization in 0 ms
Hibernate: 
    select
        a1_0.id,
        a1_0.content,
        a1_0.title 
    from
        article a1_0
Hibernate: 
    delete 
    from
        article 
    where
        id=?
Hibernate: 
    insert 
    into
        article
        (content,title) 
    values
        (?,?)
Hibernate: 
    select
        a1_0.id,
        a1_0.content,
        a1_0.title 
    from
        article a1_0 
    where
        a1_0.id=?
Hibernate: 
    update
        article 
    set
        content=?,
        title=? 
    where
        id=?
Hibernate: 
    select
        a1_0.id,
        a1_0.content,
        a1_0.title 
    from
        article a1_0 
    where
        a1_0.id=?
]]></system-out>
  <system-err><![CDATA[]]></system-err>
</testsuite>
